[debug] [2025-06-16T18:28:51.928Z] ----------------------------------------------------------------------
[debug] [2025-06-16T18:28:51.931Z] Command:       C:\Program Files\nodejs\node.exe C:\Users\johnj\AppData\Roaming\npm\node_modules\firebase-tools\lib\bin\firebase.js init
[debug] [2025-06-16T18:28:51.931Z] CLI Version:   14.7.0
[debug] [2025-06-16T18:28:51.931Z] Platform:      win32
[debug] [2025-06-16T18:28:51.932Z] Node Version:  v20.17.0
[debug] [2025-06-16T18:28:51.932Z] Time:          Mon Jun 16 2025 21:28:51 GMT+0300 (Eastern European Summer Time)
[debug] [2025-06-16T18:28:51.932Z] ----------------------------------------------------------------------
[debug] 
[debug] [2025-06-16T18:28:51.934Z] >>> [apiv2][query] GET https://firebase-public.firebaseio.com/cli.json [none]
[debug] [2025-06-16T18:28:51.983Z] > command requires scopes: ["email","openid","https://www.googleapis.com/auth/cloudplatformprojects.readonly","https://www.googleapis.com/auth/firebase","https://www.googleapis.com/auth/cloud-platform"]
[debug] [2025-06-16T18:28:51.984Z] > authorizing via signed-in user (johnjohn444465@gmail.com)
[info] 
     ######## #### ########  ######## ########     ###     ######  ########
     ##        ##  ##     ## ##       ##     ##  ##   ##  ##       ##
     ######    ##  ########  ######   ########  #########  ######  ######
     ##        ##  ##    ##  ##       ##     ## ##     ##       ## ##
     ##       #### ##     ## ######## ########  ##     ##  ######  ########

You're about to initialize a Firebase project in this directory:

  C:\Users\johnj\Desktop\lead magnett

[debug] [2025-06-16T18:28:52.450Z] <<< [apiv2][status] GET https://firebase-public.firebaseio.com/cli.json 200
[debug] [2025-06-16T18:28:52.450Z] <<< [apiv2][body] GET https://firebase-public.firebaseio.com/cli.json {"cloudBuildErrorAfter":1594252800000,"cloudBuildWarnAfter":1590019200000,"defaultNode10After":1594252800000,"minVersion":"3.0.5","node8DeploysDisabledAfter":1613390400000,"node8RuntimeDisabledAfter":1615809600000,"node8WarnAfter":1600128000000}
[info] 
=== Project Setup
[info] 
[info] First, let's associate this project directory with a Firebase project.
[info] You can create multiple project aliases by running firebase use --add, 
[info] but for now we'll just set up a default project.
[info] 
[debug] [2025-06-16T18:29:34.900Z] Checked if tokens are valid: false, expires at: 1742775117022
[debug] [2025-06-16T18:29:34.901Z] Checked if tokens are valid: false, expires at: 1742775117022
[debug] [2025-06-16T18:29:34.901Z] > refreshing access token with scopes: []
[debug] [2025-06-16T18:29:34.902Z] >>> [apiv2][query] POST https://www.googleapis.com/oauth2/v3/token [none]
[debug] [2025-06-16T18:29:34.902Z] >>> [apiv2][body] POST https://www.googleapis.com/oauth2/v3/token [omitted]
[debug] [2025-06-16T18:29:35.187Z] <<< [apiv2][status] POST https://www.googleapis.com/oauth2/v3/token 200
[debug] [2025-06-16T18:29:35.187Z] <<< [apiv2][body] POST https://www.googleapis.com/oauth2/v3/token [omitted]
[debug] [2025-06-16T18:29:35.204Z] >>> [apiv2][query] GET https://firebase.googleapis.com/v1beta1/projects pageSize=100
[debug] [2025-06-16T18:29:35.774Z] <<< [apiv2][status] GET https://firebase.googleapis.com/v1beta1/projects 200
[debug] [2025-06-16T18:29:35.774Z] <<< [apiv2][body] GET https://firebase.googleapis.com/v1beta1/projects [omitted]
[debug] [2025-06-16T18:29:58.755Z] ExitPromptError: User force closed the prompt with SIGINT
    at Interface.sigint (C:\Users\johnj\AppData\Roaming\npm\node_modules\firebase-tools\node_modules\@inquirer\core\dist\commonjs\lib\create-prompt.js:101:37)
    at Interface.emit (node:events:519:28)
    at Interface.emit (node:domain:488:12)
    at [_ttyWrite] [as _ttyWrite] (node:internal/readline/interface:1126:18)
    at ReadStream.onkeypress (node:internal/readline/interface:265:20)
    at ReadStream.emit (node:events:531:35)
    at ReadStream.emit (node:domain:488:12)
    at emitKeys (node:internal/readline/utils:371:14)
    at emitKeys.next (<anonymous>)
    at ReadStream.onData (node:internal/readline/emitKeypressEvents:64:36)
[error] 
[error] Error: An unexpected error has occurred.
[debug] [2025-06-16T18:30:04.734Z] ----------------------------------------------------------------------
[debug] [2025-06-16T18:30:04.737Z] Command:       C:\Program Files\nodejs\node.exe C:\Users\johnj\AppData\Roaming\npm\node_modules\firebase-tools\lib\bin\firebase.js init
[debug] [2025-06-16T18:30:04.737Z] CLI Version:   14.7.0
[debug] [2025-06-16T18:30:04.737Z] Platform:      win32
[debug] [2025-06-16T18:30:04.737Z] Node Version:  v20.17.0
[debug] [2025-06-16T18:30:04.737Z] Time:          Mon Jun 16 2025 21:30:04 GMT+0300 (Eastern European Summer Time)
[debug] [2025-06-16T18:30:04.737Z] ----------------------------------------------------------------------
[debug] 
[debug] [2025-06-16T18:30:04.742Z] > command requires scopes: ["email","openid","https://www.googleapis.com/auth/cloudplatformprojects.readonly","https://www.googleapis.com/auth/firebase","https://www.googleapis.com/auth/cloud-platform"]
[debug] [2025-06-16T18:30:04.742Z] > authorizing via signed-in user (johnjohn444465@gmail.com)
[info] 
     ######## #### ########  ######## ########     ###     ######  ########
     ##        ##  ##     ## ##       ##     ##  ##   ##  ##       ##
     ######    ##  ########  ######   ########  #########  ######  ######
     ##        ##  ##    ##  ##       ##     ## ##     ##       ## ##
     ##       #### ##     ## ######## ########  ##     ##  ######  ########

You're about to initialize a Firebase project in this directory:

  C:\Users\johnj\Desktop\lead magnett

[info] 
=== Project Setup
[info] 
[info] First, let's associate this project directory with a Firebase project.
[info] You can create multiple project aliases by running firebase use --add, 
[info] but for now we'll just set up a default project.
[info] 
[info] i  If you want to create a project in a Google Cloud organization or folder, please use "firebase projects:create" instead, and return to this command when you've created the project. 
[debug] [2025-06-16T18:30:39.250Z] Checked if tokens are valid: true, expires at: 1750102174187
[debug] [2025-06-16T18:30:39.251Z] Checked if tokens are valid: true, expires at: 1750102174187
[debug] [2025-06-16T18:30:39.252Z] >>> [apiv2][query] POST https://cloudresourcemanager.googleapis.com/v1/projects [none]
[debug] [2025-06-16T18:30:39.252Z] >>> [apiv2][body] POST https://cloudresourcemanager.googleapis.com/v1/projects {"projectId":"LeadMagnet","name":"LeadMagnet"}
[debug] [2025-06-16T18:30:40.041Z] <<< [apiv2][status] POST https://cloudresourcemanager.googleapis.com/v1/projects 400
[debug] [2025-06-16T18:30:40.041Z] <<< [apiv2][body] POST https://cloudresourcemanager.googleapis.com/v1/projects {"error":{"code":400,"message":"field [project_id] has issue [project_id contains invalid characters]","status":"INVALID_ARGUMENT","details":[{"@type":"type.googleapis.com/google.rpc.BadRequest","fieldViolations":[{"field":"project_id","description":"project_id contains invalid characters"}]},{"@type":"type.googleapis.com/google.rpc.Help","links":[{"url":"https://cloud.google.com/resource-manager/reference/rest/v1/projects"}]}]}}
[debug] [2025-06-16T18:30:40.504Z] FirebaseError: Request to https://cloudresourcemanager.googleapis.com/v1/projects had HTTP Error: 400, field [project_id] has issue [project_id contains invalid characters]
    at responseToError (C:\Users\johnj\AppData\Roaming\npm\node_modules\firebase-tools\lib\responseToError.js:52:12)
    at RetryOperation._fn (C:\Users\johnj\AppData\Roaming\npm\node_modules\firebase-tools\lib\apiv2.js:312:77)
    at process.processTicksAndRejections (node:internal/process/task_queues:95:5)
[error] 
[error] Error: Failed to create project. See firebase-debug.log for more info.
